1576213738.271914 client started (10997): version 2.6, socket /tmp/tmux-1000/default, protocol 8
1576213738.271963 on Linux 5.0.0-37-generic #40~18.04.1-Ubuntu SMP Thu Nov 14 12:06:39 UTC 2019; libevent 2.1.8-stable (poll)
1576213738.272001 socket is /tmp/tmux-1000/default
1576213738.272023 trying connect
1576213738.272054 connect failed: No such file or directory
1576213738.272073 lock file is /tmp/tmux-1000/default.lock
1576213738.272116 flock succeeded
1576213738.272127 got lock (6)
1576213738.272156 trying connect
1576213738.272197 connect failed: No such file or directory
1576213738.272529 add peer 0x559f036b4a00: 7 ((nil))
1576213738.272739 sending message 100 to peer 0x559f036b4a00 (4 bytes)
1576213738.272757 sending message 101 to peer 0x559f036b4a00 (15 bytes)
1576213738.272767 sending message 102 to peer 0x559f036b4a00 (11 bytes)
1576213738.272776 sending message 108 to peer 0x559f036b4a00 (48 bytes)
1576213738.272787 sending message 104 to peer 0x559f036b4a00 (0 bytes)
1576213738.272798 sending message 107 to peer 0x559f036b4a00 (4 bytes)
1576213738.272808 sending message 105 to peer 0x559f036b4a00 (22 bytes)
1576213738.272826 sending message 105 to peer 0x559f036b4a00 (1516 bytes)
1576213738.272874 sending message 105 to peer 0x559f036b4a00 (54 bytes)
1576213738.272888 sending message 105 to peer 0x559f036b4a00 (27 bytes)
1576213738.272897 sending message 105 to peer 0x559f036b4a00 (34 bytes)
1576213738.272906 sending message 105 to peer 0x559f036b4a00 (21 bytes)
1576213738.272915 sending message 105 to peer 0x559f036b4a00 (24 bytes)
1576213738.272924 sending message 105 to peer 0x559f036b4a00 (23 bytes)
1576213738.272932 sending message 105 to peer 0x559f036b4a00 (17 bytes)
1576213738.272941 sending message 105 to peer 0x559f036b4a00 (11 bytes)
1576213738.272950 sending message 105 to peer 0x559f036b4a00 (26 bytes)
1576213738.272958 sending message 105 to peer 0x559f036b4a00 (31 bytes)
1576213738.273045 sending message 105 to peer 0x559f036b4a00 (31 bytes)
1576213738.273049 sending message 105 to peer 0x559f036b4a00 (56 bytes)
1576213738.273052 sending message 105 to peer 0x559f036b4a00 (58 bytes)
1576213738.273056 sending message 105 to peer 0x559f036b4a00 (52 bytes)
1576213738.273059 sending message 105 to peer 0x559f036b4a00 (103 bytes)
1576213738.273062 sending message 105 to peer 0x559f036b4a00 (20 bytes)
1576213738.273064 sending message 105 to peer 0x559f036b4a00 (70 bytes)
1576213738.273066 sending message 105 to peer 0x559f036b4a00 (14 bytes)
1576213738.273068 sending message 105 to peer 0x559f036b4a00 (34 bytes)
1576213738.273070 sending message 105 to peer 0x559f036b4a00 (56 bytes)
1576213738.273072 sending message 105 to peer 0x559f036b4a00 (11 bytes)
1576213738.273074 sending message 105 to peer 0x559f036b4a00 (41 bytes)
1576213738.273076 sending message 105 to peer 0x559f036b4a00 (56 bytes)
1576213738.273079 sending message 105 to peer 0x559f036b4a00 (53 bytes)
1576213738.273081 sending message 105 to peer 0x559f036b4a00 (20 bytes)
1576213738.273083 sending message 105 to peer 0x559f036b4a00 (17 bytes)
1576213738.273085 sending message 105 to peer 0x559f036b4a00 (10 bytes)
1576213738.273087 sending message 105 to peer 0x559f036b4a00 (22 bytes)
1576213738.273089 sending message 105 to peer 0x559f036b4a00 (60 bytes)
1576213738.273091 sending message 105 to peer 0x559f036b4a00 (18 bytes)
1576213738.273093 sending message 105 to peer 0x559f036b4a00 (33 bytes)
1576213738.273096 sending message 105 to peer 0x559f036b4a00 (86 bytes)
1576213738.273098 sending message 105 to peer 0x559f036b4a00 (56 bytes)
1576213738.273100 sending message 105 to peer 0x559f036b4a00 (64 bytes)
1576213738.273102 sending message 105 to peer 0x559f036b4a00 (50 bytes)
1576213738.273104 sending message 105 to peer 0x559f036b4a00 (26 bytes)
1576213738.273106 sending message 105 to peer 0x559f036b4a00 (52 bytes)
1576213738.273109 sending message 105 to peer 0x559f036b4a00 (16 bytes)
1576213738.273111 sending message 105 to peer 0x559f036b4a00 (21 bytes)
1576213738.273113 sending message 105 to peer 0x559f036b4a00 (19 bytes)
1576213738.273115 sending message 105 to peer 0x559f036b4a00 (56 bytes)
1576213738.273122 sending message 105 to peer 0x559f036b4a00 (19 bytes)
1576213738.273124 sending message 105 to peer 0x559f036b4a00 (21 bytes)
1576213738.273126 sending message 105 to peer 0x559f036b4a00 (163 bytes)
1576213738.273128 sending message 105 to peer 0x559f036b4a00 (26 bytes)
1576213738.273130 sending message 105 to peer 0x559f036b4a00 (54 bytes)
1576213738.273133 sending message 105 to peer 0x559f036b4a00 (23 bytes)
1576213738.273135 sending message 105 to peer 0x559f036b4a00 (56 bytes)
1576213738.273137 sending message 105 to peer 0x559f036b4a00 (52 bytes)
1576213738.273139 sending message 105 to peer 0x559f036b4a00 (23 bytes)
1576213738.273141 sending message 105 to peer 0x559f036b4a00 (58 bytes)
1576213738.273143 sending message 105 to peer 0x559f036b4a00 (54 bytes)
1576213738.273145 sending message 105 to peer 0x559f036b4a00 (28 bytes)
1576213738.273147 sending message 105 to peer 0x559f036b4a00 (17 bytes)
1576213738.273149 sending message 105 to peer 0x559f036b4a00 (13 bytes)
1576213738.273151 sending message 105 to peer 0x559f036b4a00 (20 bytes)
1576213738.273153 sending message 105 to peer 0x559f036b4a00 (17 bytes)
1576213738.273155 sending message 105 to peer 0x559f036b4a00 (16 bytes)
1576213738.273157 sending message 105 to peer 0x559f036b4a00 (18 bytes)
1576213738.273159 sending message 105 to peer 0x559f036b4a00 (20 bytes)
1576213738.273161 sending message 105 to peer 0x559f036b4a00 (18 bytes)
1576213738.273163 sending message 105 to peer 0x559f036b4a00 (32 bytes)
1576213738.273165 sending message 105 to peer 0x559f036b4a00 (52 bytes)
1576213738.273168 sending message 105 to peer 0x559f036b4a00 (56 bytes)
1576213738.273170 sending message 105 to peer 0x559f036b4a00 (29 bytes)
1576213738.273172 sending message 105 to peer 0x559f036b4a00 (8 bytes)
1576213738.273174 sending message 105 to peer 0x559f036b4a00 (15 bytes)
1576213738.273176 sending message 105 to peer 0x559f036b4a00 (52 bytes)
1576213738.273178 sending message 105 to peer 0x559f036b4a00 (25 bytes)
1576213738.273199 sending message 105 to peer 0x559f036b4a00 (17 bytes)
1576213738.273202 sending message 105 to peer 0x559f036b4a00 (44 bytes)
1576213738.273204 sending message 105 to peer 0x559f036b4a00 (13 bytes)
1576213738.273206 sending message 105 to peer 0x559f036b4a00 (54 bytes)
1576213738.273229 sending message 105 to peer 0x559f036b4a00 (31 bytes)
1576213738.273231 sending message 105 to peer 0x559f036b4a00 (41 bytes)
1576213738.273233 sending message 105 to peer 0x559f036b4a00 (33 bytes)
1576213738.273235 sending message 105 to peer 0x559f036b4a00 (64 bytes)
1576213738.273237 sending message 105 to peer 0x559f036b4a00 (44 bytes)
1576213738.273239 sending message 105 to peer 0x559f036b4a00 (176 bytes)
1576213738.273241 sending message 105 to peer 0x559f036b4a00 (30 bytes)
1576213738.273243 sending message 105 to peer 0x559f036b4a00 (52 bytes)
1576213738.273245 sending message 105 to peer 0x559f036b4a00 (52 bytes)
1576213738.273247 sending message 105 to peer 0x559f036b4a00 (52 bytes)
1576213738.273249 sending message 105 to peer 0x559f036b4a00 (54 bytes)
1576213738.273251 sending message 105 to peer 0x559f036b4a00 (58 bytes)
1576213738.273253 sending message 105 to peer 0x559f036b4a00 (52 bytes)
1576213738.273255 sending message 105 to peer 0x559f036b4a00 (84 bytes)
1576213738.273258 sending message 105 to peer 0x559f036b4a00 (52 bytes)
1576213738.273262 sending message 105 to peer 0x559f036b4a00 (32 bytes)
1576213738.273266 sending message 105 to peer 0x559f036b4a00 (19 bytes)
1576213738.273272 sending message 105 to peer 0x559f036b4a00 (20 bytes)
1576213738.273274 sending message 105 to peer 0x559f036b4a00 (16 bytes)
1576213738.273276 sending message 105 to peer 0x559f036b4a00 (16 bytes)
1576213738.273278 sending message 106 to peer 0x559f036b4a00 (0 bytes)
1576213738.273280 sending message 200 to peer 0x559f036b4a00 (4 bytes)
1576213738.273282 client loop enter
1576213738.282174 peer 0x559f036b4a00 message 207
1576213738.282182 sending message 208 to peer 0x559f036b4a00 (0 bytes)
1576213815.625419 peer 0x559f036b4a00 message 201
1576213815.625460 sending message 205 to peer 0x559f036b4a00 (0 bytes)
1576213815.626150 peer 0x559f036b4a00 message 204
1576213815.626183 client loop exit
